2025-06-08 18:33:29,229 - CSIFallDetection - INFO - 로깅 시작 - 로그 파일: ./logs/csi_fall_detection_20250608_183329.log
2025-06-08 18:33:29,229 - CSIFallDetection - INFO - 🚀 CSI 낙상 감지 v4 시작
2025-06-08 18:33:29,230 - CSIFallDetection - INFO - 실행 시간: 20250608_183329
2025-06-08 18:33:29,230 - CSIFallDetection - INFO - 실행 모드: evaluate
2025-06-08 18:33:29,230 - CSIFallDetection - INFO - 📊 모델 평가 시작
2025-06-08 18:33:29,231 - CSIFallDetection - INFO - 평가 대상 모델: hybrid_20250607_143159_best
2025-06-08 18:33:29,231 - CSIFallDetection - INFO - 로깅 시작 - 로그 파일: ./logs/csi_fall_detection_20250608_183329.log
2025-06-08 18:33:29,231 - CSIFallDetection - INFO - 📊 모델 평가기 초기화
2025-06-08 18:33:29,231 - CSIFallDetection - INFO -    모델 경로: hybrid_20250607_143159_best
2025-06-08 18:33:29,231 - CSIFallDetection - INFO - 📂 모델 로딩 중...
2025-06-08 18:33:29,450 - CSIFallDetection - INFO - ✅ 모델 로딩 완료
2025-06-08 18:33:29,450 - CSIFallDetection - INFO -    실험 이름: Unknown
2025-06-08 18:33:29,450 - CSIFallDetection - INFO -    모델 타입: Unknown
2025-06-08 18:33:29,450 - CSIFallDetection - INFO -    입력 형태: Unknown
2025-06-08 18:33:29,450 - CSIFallDetection - INFO - 🔍 테스트 데이터 준비 중...
2025-06-08 18:33:29,450 - CSIFallDetection - INFO - 로깅 시작 - 로그 파일: ./logs/csi_fall_detection_20250608_183329.log
2025-06-08 18:33:29,453 - CSIFallDetection - INFO - 전처리된 파일 634개 발견
2025-06-08 18:33:29,454 - CSIFallDetection - INFO - 데이터 분할: 훈련 443개, 검증 95개, 테스트 96개
2025-06-08 18:33:33,934 - CSIFallDetection - INFO - 📊 데이터 제너레이터 초기화 완료
2025-06-08 18:33:33,934 - CSIFallDetection - INFO -    파일 수: 443
2025-06-08 18:33:33,934 - CSIFallDetection - INFO -    총 시퀀스: 32,198개
2025-06-08 18:33:33,934 - CSIFallDetection - INFO -    배치 수: 1007개
2025-06-08 18:33:34,277 - CSIFallDetection - WARNING - 파일 크기 부족으로 스킵: ./processed_data/23_labeled_jitter_1_processed.csv (0 < 50)
2025-06-08 18:33:34,836 - CSIFallDetection - INFO - 📊 데이터 제너레이터 초기화 완료
2025-06-08 18:33:34,836 - CSIFallDetection - INFO -    파일 수: 95
2025-06-08 18:33:34,836 - CSIFallDetection - INFO -    총 시퀀스: 6,754개
2025-06-08 18:33:34,836 - CSIFallDetection - INFO -    배치 수: 212개
2025-06-08 18:33:35,863 - CSIFallDetection - INFO - 📊 데이터 제너레이터 초기화 완료
2025-06-08 18:33:35,864 - CSIFallDetection - INFO -    파일 수: 96
2025-06-08 18:33:35,864 - CSIFallDetection - INFO -    총 시퀀스: 7,056개
2025-06-08 18:33:35,864 - CSIFallDetection - INFO -    배치 수: 221개
2025-06-08 18:33:35,864 - CSIFallDetection - INFO - ✅ 테스트 데이터 준비 완료
2025-06-08 18:33:35,864 - CSIFallDetection - INFO -    테스트 시퀀스: 7,056개
2025-06-08 18:33:35,864 - CSIFallDetection - INFO - 📈 모델 평가 시작...
2025-06-08 18:34:19,869 - CSIFallDetection - INFO - 🔬 상세 평가 실행 중...
2025-06-08 18:34:19,869 - CSIFallDetection - INFO - 🔄 예측 수집 중...
2025-06-08 18:34:22,484 - CSIFallDetection - INFO -    진행률: 10/221 배치
2025-06-08 18:34:24,775 - CSIFallDetection - INFO -    진행률: 20/221 배치
2025-06-08 18:34:27,131 - CSIFallDetection - INFO -    진행률: 30/221 배치
2025-06-08 18:34:29,471 - CSIFallDetection - INFO -    진행률: 40/221 배치
2025-06-08 18:34:31,890 - CSIFallDetection - INFO -    진행률: 50/221 배치
2025-06-08 18:34:34,104 - CSIFallDetection - INFO -    진행률: 60/221 배치
2025-06-08 18:34:36,333 - CSIFallDetection - INFO -    진행률: 70/221 배치
2025-06-08 18:34:38,578 - CSIFallDetection - INFO -    진행률: 80/221 배치
2025-06-08 18:34:40,822 - CSIFallDetection - INFO -    진행률: 90/221 배치
2025-06-08 18:34:43,071 - CSIFallDetection - INFO -    진행률: 100/221 배치
2025-06-08 18:34:45,405 - CSIFallDetection - INFO -    진행률: 110/221 배치
2025-06-08 18:34:47,778 - CSIFallDetection - INFO -    진행률: 120/221 배치
2025-06-08 18:34:50,128 - CSIFallDetection - INFO -    진행률: 130/221 배치
2025-06-08 18:34:52,481 - CSIFallDetection - INFO -    진행률: 140/221 배치
2025-06-08 18:34:54,958 - CSIFallDetection - INFO -    진행률: 150/221 배치
2025-06-08 18:34:57,289 - CSIFallDetection - INFO -    진행률: 160/221 배치
2025-06-08 18:34:59,552 - CSIFallDetection - INFO -    진행률: 170/221 배치
2025-06-08 18:35:01,893 - CSIFallDetection - INFO -    진행률: 180/221 배치
2025-06-08 18:35:04,312 - CSIFallDetection - INFO -    진행률: 190/221 배치
2025-06-08 18:35:06,663 - CSIFallDetection - INFO -    진행률: 200/221 배치
2025-06-08 18:35:09,028 - CSIFallDetection - INFO -    진행률: 210/221 배치
2025-06-08 18:35:11,325 - CSIFallDetection - INFO -    진행률: 220/221 배치
2025-06-08 18:35:34,325 - CSIFallDetection - INFO - 📊 시각화 저장 완료
2025-06-08 18:35:34,327 - CSIFallDetection - INFO -    혼동 행렬: ./logs/unknown_confusion_matrix.png
2025-06-08 18:35:34,327 - CSIFallDetection - INFO -    ROC 커브: ./logs/unknown_roc_curve.png (AUC: 0.677)
2025-06-08 18:35:34,328 - CSIFallDetection - INFO - ✅ 평가 완료: Unknown
2025-06-08 18:35:34,328 - CSIFallDetection - INFO - 정확도: 0.0000
2025-06-08 18:35:34,328 - CSIFallDetection - INFO - 최고 F1 점수: 0.4662
2025-06-08 18:35:34,329 - CSIFallDetection - INFO - ✅ 모든 작업이 성공적으로 완료되었습니다.
2025-06-08 18:35:34,331 - CSIFallDetection - INFO - 🏁 프로그램 종료: 20250608_183534
