2025-06-08 13:57:01,663 - CSIFallDetection - INFO - 로깅 시작 - 로그 파일: ./logs/csi_fall_detection_20250608_135701.log
2025-06-08 13:57:01,664 - CSIFallDetection - INFO - 🚀 CSI 낙상 감지 v4 시작
2025-06-08 13:57:01,664 - CSIFallDetection - INFO - 실행 시간: 20250608_135701
2025-06-08 13:57:01,664 - CSIFallDetection - INFO - 실행 모드: evaluate
2025-06-08 13:57:01,664 - CSIFallDetection - INFO - 📊 모델 평가 시작
2025-06-08 13:57:01,667 - CSIFallDetection - INFO - 평가 대상 모델: hybrid_20250607_143159_best
2025-06-08 13:57:01,667 - CSIFallDetection - INFO - 로깅 시작 - 로그 파일: ./logs/csi_fall_detection_20250608_135701.log
2025-06-08 13:57:01,667 - CSIFallDetection - INFO - 📊 모델 평가기 초기화
2025-06-08 13:57:01,667 - CSIFallDetection - INFO -    모델 경로: hybrid_20250607_143159_best
2025-06-08 13:57:01,667 - CSIFallDetection - INFO - 📂 모델 로딩 중...
2025-06-08 13:57:01,895 - CSIFallDetection - INFO - ✅ 모델 로딩 완료
2025-06-08 13:57:01,895 - CSIFallDetection - INFO -    실험 이름: Unknown
2025-06-08 13:57:01,895 - CSIFallDetection - INFO -    모델 타입: Unknown
2025-06-08 13:57:01,895 - CSIFallDetection - INFO -    입력 형태: Unknown
2025-06-08 13:57:01,895 - CSIFallDetection - INFO - 🔍 테스트 데이터 준비 중...
2025-06-08 13:57:01,895 - CSIFallDetection - INFO - 로깅 시작 - 로그 파일: ./logs/csi_fall_detection_20250608_135701.log
2025-06-08 13:57:01,896 - CSIFallDetection - INFO - 전처리된 파일 285개 발견
2025-06-08 13:57:01,896 - CSIFallDetection - INFO - 데이터 분할: 훈련 199개, 검증 42개, 테스트 44개
2025-06-08 13:57:03,455 - CSIFallDetection - INFO - 📊 데이터 제너레이터 초기화 완료
2025-06-08 13:57:03,455 - CSIFallDetection - INFO -    파일 수: 199
2025-06-08 13:57:03,455 - CSIFallDetection - INFO -    총 시퀀스: 12,484개
2025-06-08 13:57:03,455 - CSIFallDetection - INFO -    배치 수: 391개
2025-06-08 13:57:03,811 - CSIFallDetection - INFO - 📊 데이터 제너레이터 초기화 완료
2025-06-08 13:57:03,811 - CSIFallDetection - INFO -    파일 수: 42
2025-06-08 13:57:03,811 - CSIFallDetection - INFO -    총 시퀀스: 2,682개
2025-06-08 13:57:03,812 - CSIFallDetection - INFO -    배치 수: 84개
2025-06-08 13:57:04,162 - CSIFallDetection - INFO - 📊 데이터 제너레이터 초기화 완료
2025-06-08 13:57:04,163 - CSIFallDetection - INFO -    파일 수: 44
2025-06-08 13:57:04,163 - CSIFallDetection - INFO -    총 시퀀스: 2,714개
2025-06-08 13:57:04,163 - CSIFallDetection - INFO -    배치 수: 85개
2025-06-08 13:57:04,163 - CSIFallDetection - INFO - ✅ 테스트 데이터 준비 완료
2025-06-08 13:57:04,163 - CSIFallDetection - INFO -    테스트 시퀀스: 2,714개
2025-06-08 13:57:04,163 - CSIFallDetection - INFO - 📈 모델 평가 시작...
2025-06-08 13:57:20,873 - CSIFallDetection - INFO - 🔬 상세 평가 실행 중...
2025-06-08 13:57:20,874 - CSIFallDetection - INFO - 🔄 예측 수집 중...
2025-06-08 13:57:23,238 - CSIFallDetection - INFO -    진행률: 10/85 배치
2025-06-08 13:57:25,303 - CSIFallDetection - INFO -    진행률: 20/85 배치
2025-06-08 13:57:27,580 - CSIFallDetection - INFO -    진행률: 30/85 배치
2025-06-08 13:57:29,656 - CSIFallDetection - INFO -    진행률: 40/85 배치
2025-06-08 13:57:31,838 - CSIFallDetection - INFO -    진행률: 50/85 배치
2025-06-08 13:57:34,118 - CSIFallDetection - INFO -    진행률: 60/85 배치
2025-06-08 13:57:36,357 - CSIFallDetection - INFO -    진행률: 70/85 배치
2025-06-08 13:57:38,388 - CSIFallDetection - INFO -    진행률: 80/85 배치
2025-06-08 13:58:06,616 - CSIFallDetection - INFO - 📊 시각화 저장 완료
2025-06-08 13:58:06,617 - CSIFallDetection - INFO -    혼동 행렬: ./logs/unknown_confusion_matrix.png
2025-06-08 13:58:06,618 - CSIFallDetection - INFO -    ROC 커브: ./logs/unknown_roc_curve.png (AUC: 0.763)
2025-06-08 13:58:06,619 - CSIFallDetection - INFO - ✅ 평가 완료: Unknown
2025-06-08 13:58:06,619 - CSIFallDetection - INFO - 정확도: 0.0000
2025-06-08 13:58:06,619 - CSIFallDetection - INFO - 최고 F1 점수: 0.7613
2025-06-08 13:58:06,620 - CSIFallDetection - INFO - ✅ 모든 작업이 성공적으로 완료되었습니다.
2025-06-08 13:58:06,621 - CSIFallDetection - INFO - 🏁 프로그램 종료: 20250608_135806
