2025-06-08 14:27:34,240 - CSIFallDetection - INFO - 로깅 시작 - 로그 파일: ./logs/csi_fall_detection_20250608_142734.log
2025-06-08 14:27:34,240 - CSIFallDetection - INFO - 🚀 CSI 낙상 감지 v4 시작
2025-06-08 14:27:34,240 - CSIFallDetection - INFO - 실행 시간: 20250608_142734
2025-06-08 14:27:34,240 - CSIFallDetection - INFO - 실행 모드: evaluate
2025-06-08 14:27:34,240 - CSIFallDetection - INFO - 📊 모델 평가 시작
2025-06-08 14:27:34,241 - CSIFallDetection - INFO - 평가 대상 모델: hybrid_20250607_143159_best
2025-06-08 14:27:34,242 - CSIFallDetection - INFO - 로깅 시작 - 로그 파일: ./logs/csi_fall_detection_20250608_142734.log
2025-06-08 14:27:34,242 - CSIFallDetection - INFO - 📊 모델 평가기 초기화
2025-06-08 14:27:34,242 - CSIFallDetection - INFO -    모델 경로: hybrid_20250607_143159_best
2025-06-08 14:27:34,242 - CSIFallDetection - INFO - 📂 모델 로딩 중...
2025-06-08 14:27:34,473 - CSIFallDetection - INFO - ✅ 모델 로딩 완료
2025-06-08 14:27:34,473 - CSIFallDetection - INFO -    실험 이름: Unknown
2025-06-08 14:27:34,473 - CSIFallDetection - INFO -    모델 타입: Unknown
2025-06-08 14:27:34,473 - CSIFallDetection - INFO -    입력 형태: Unknown
2025-06-08 14:27:34,473 - CSIFallDetection - INFO - 🔍 테스트 데이터 준비 중...
2025-06-08 14:27:34,473 - CSIFallDetection - INFO - 로깅 시작 - 로그 파일: ./logs/csi_fall_detection_20250608_142734.log
2025-06-08 14:27:34,474 - CSIFallDetection - INFO - 전처리된 파일 634개 발견
2025-06-08 14:27:34,474 - CSIFallDetection - INFO - 데이터 분할: 훈련 443개, 검증 95개, 테스트 96개
2025-06-08 14:27:38,751 - CSIFallDetection - INFO - 📊 데이터 제너레이터 초기화 완료
2025-06-08 14:27:38,751 - CSIFallDetection - INFO -    파일 수: 443
2025-06-08 14:27:38,751 - CSIFallDetection - INFO -    총 시퀀스: 32,198개
2025-06-08 14:27:38,751 - CSIFallDetection - INFO -    배치 수: 1007개
2025-06-08 14:27:39,097 - CSIFallDetection - WARNING - 파일 크기 부족으로 스킵: ./processed_data/23_labeled_jitter_1_processed.csv (0 < 50)
2025-06-08 14:27:39,662 - CSIFallDetection - INFO - 📊 데이터 제너레이터 초기화 완료
2025-06-08 14:27:39,662 - CSIFallDetection - INFO -    파일 수: 95
2025-06-08 14:27:39,662 - CSIFallDetection - INFO -    총 시퀀스: 6,754개
2025-06-08 14:27:39,662 - CSIFallDetection - INFO -    배치 수: 212개
2025-06-08 14:27:40,604 - CSIFallDetection - INFO - 📊 데이터 제너레이터 초기화 완료
2025-06-08 14:27:40,604 - CSIFallDetection - INFO -    파일 수: 96
2025-06-08 14:27:40,604 - CSIFallDetection - INFO -    총 시퀀스: 7,056개
2025-06-08 14:27:40,604 - CSIFallDetection - INFO -    배치 수: 221개
2025-06-08 14:27:40,606 - CSIFallDetection - INFO - ✅ 테스트 데이터 준비 완료
2025-06-08 14:27:40,606 - CSIFallDetection - INFO -    테스트 시퀀스: 7,056개
2025-06-08 14:27:40,606 - CSIFallDetection - INFO - 📈 모델 평가 시작...
2025-06-08 14:28:22,061 - CSIFallDetection - INFO - 🔬 상세 평가 실행 중...
2025-06-08 14:28:22,062 - CSIFallDetection - INFO - 🔄 예측 수집 중...
2025-06-08 14:28:24,678 - CSIFallDetection - INFO -    진행률: 10/221 배치
2025-06-08 14:28:26,965 - CSIFallDetection - INFO -    진행률: 20/221 배치
2025-06-08 14:28:29,274 - CSIFallDetection - INFO -    진행률: 30/221 배치
2025-06-08 14:28:31,626 - CSIFallDetection - INFO -    진행률: 40/221 배치
2025-06-08 14:28:33,957 - CSIFallDetection - INFO -    진행률: 50/221 배치
2025-06-08 14:28:36,210 - CSIFallDetection - INFO -    진행률: 60/221 배치
2025-06-08 14:28:38,525 - CSIFallDetection - INFO -    진행률: 70/221 배치
2025-06-08 14:28:40,838 - CSIFallDetection - INFO -    진행률: 80/221 배치
2025-06-08 14:28:43,170 - CSIFallDetection - INFO -    진행률: 90/221 배치
2025-06-08 14:28:45,512 - CSIFallDetection - INFO -    진행률: 100/221 배치
2025-06-08 14:28:47,826 - CSIFallDetection - INFO -    진행률: 110/221 배치
2025-06-08 14:28:50,208 - CSIFallDetection - INFO -    진행률: 120/221 배치
2025-06-08 14:28:52,549 - CSIFallDetection - INFO -    진행률: 130/221 배치
2025-06-08 14:28:54,891 - CSIFallDetection - INFO -    진행률: 140/221 배치
2025-06-08 14:28:57,257 - CSIFallDetection - INFO -    진행률: 150/221 배치
2025-06-08 14:28:59,644 - CSIFallDetection - INFO -    진행률: 160/221 배치
2025-06-08 14:29:01,962 - CSIFallDetection - INFO -    진행률: 170/221 배치
2025-06-08 14:29:04,296 - CSIFallDetection - INFO -    진행률: 180/221 배치
2025-06-08 14:29:06,710 - CSIFallDetection - INFO -    진행률: 190/221 배치
2025-06-08 14:29:09,047 - CSIFallDetection - INFO -    진행률: 200/221 배치
2025-06-08 14:29:11,354 - CSIFallDetection - INFO -    진행률: 210/221 배치
2025-06-08 14:29:13,640 - CSIFallDetection - INFO -    진행률: 220/221 배치
2025-06-08 14:29:28,345 - CSIFallDetection - INFO - 📊 시각화 저장 완료
2025-06-08 14:29:28,347 - CSIFallDetection - INFO -    혼동 행렬: ./logs/unknown_confusion_matrix.png
2025-06-08 14:29:28,347 - CSIFallDetection - INFO -    ROC 커브: ./logs/unknown_roc_curve.png (AUC: 0.677)
2025-06-08 14:29:28,348 - CSIFallDetection - INFO - ✅ 평가 완료: Unknown
2025-06-08 14:29:28,348 - CSIFallDetection - INFO - 정확도: 0.0000
2025-06-08 14:29:28,348 - CSIFallDetection - INFO - 최고 F1 점수: 0.4662
2025-06-08 14:29:28,349 - CSIFallDetection - INFO - ✅ 모든 작업이 성공적으로 완료되었습니다.
2025-06-08 14:29:28,349 - CSIFallDetection - INFO - 🏁 프로그램 종료: 20250608_142928
