2025-06-08 18:54:15,706 - CSIFallDetection - INFO - 로깅 시작 - 로그 파일: ./logs/csi_fall_detection_20250608_185415.log
2025-06-08 18:54:15,706 - CSIFallDetection - INFO - 🚀 CSI 낙상 감지 v4 시작
2025-06-08 18:54:15,706 - CSIFallDetection - INFO - 실행 시간: 20250608_185415
2025-06-08 18:54:15,706 - CSIFallDetection - INFO - 실행 모드: evaluate
2025-06-08 18:54:15,706 - CSIFallDetection - INFO - 📊 모델 평가 시작
2025-06-08 18:54:15,707 - CSIFallDetection - INFO - 평가 대상 모델: hybrid_20250607_143159_best
2025-06-08 18:54:15,707 - CSIFallDetection - INFO - 로깅 시작 - 로그 파일: ./logs/csi_fall_detection_20250608_185415.log
2025-06-08 18:54:15,707 - CSIFallDetection - INFO - 📊 모델 평가기 초기화
2025-06-08 18:54:15,707 - CSIFallDetection - INFO -    모델 경로: hybrid_20250607_143159_best
2025-06-08 18:54:15,707 - CSIFallDetection - INFO - 📂 모델 로딩 중...
2025-06-08 18:54:15,997 - CSIFallDetection - INFO - ✅ 모델 로딩 완료
2025-06-08 18:54:15,997 - CSIFallDetection - INFO -    실험 이름: hybrid_20250607_143159_best
2025-06-08 18:54:15,997 - CSIFallDetection - INFO -    모델 타입: hybrid
2025-06-08 18:54:15,997 - CSIFallDetection - INFO -    입력 형태: [50, 245]
2025-06-08 18:54:15,997 - CSIFallDetection - INFO - 🔍 테스트 데이터 준비 중...
2025-06-08 18:54:15,997 - CSIFallDetection - INFO - 로깅 시작 - 로그 파일: ./logs/csi_fall_detection_20250608_185415.log
2025-06-08 18:54:15,998 - CSIFallDetection - INFO - 전처리된 파일 634개 발견
2025-06-08 18:54:15,999 - CSIFallDetection - INFO - 데이터 분할: 훈련 443개, 검증 95개, 테스트 96개
2025-06-08 18:54:20,571 - CSIFallDetection - INFO - 📊 데이터 제너레이터 초기화 완료
2025-06-08 18:54:20,571 - CSIFallDetection - INFO -    파일 수: 443
2025-06-08 18:54:20,571 - CSIFallDetection - INFO -    총 시퀀스: 32,198개
2025-06-08 18:54:20,571 - CSIFallDetection - INFO -    배치 수: 1007개
2025-06-08 18:54:20,933 - CSIFallDetection - WARNING - 파일 크기 부족으로 스킵: ./processed_data/23_labeled_jitter_1_processed.csv (0 < 50)
2025-06-08 18:54:21,511 - CSIFallDetection - INFO - 📊 데이터 제너레이터 초기화 완료
2025-06-08 18:54:21,512 - CSIFallDetection - INFO -    파일 수: 95
2025-06-08 18:54:21,512 - CSIFallDetection - INFO -    총 시퀀스: 6,754개
2025-06-08 18:54:21,512 - CSIFallDetection - INFO -    배치 수: 212개
2025-06-08 18:54:22,523 - CSIFallDetection - INFO - 📊 데이터 제너레이터 초기화 완료
2025-06-08 18:54:22,523 - CSIFallDetection - INFO -    파일 수: 96
2025-06-08 18:54:22,523 - CSIFallDetection - INFO -    총 시퀀스: 7,056개
2025-06-08 18:54:22,523 - CSIFallDetection - INFO -    배치 수: 221개
2025-06-08 18:54:22,524 - CSIFallDetection - INFO - ✅ 테스트 데이터 준비 완료
2025-06-08 18:54:22,524 - CSIFallDetection - INFO -    테스트 시퀀스: 7,056개
2025-06-08 18:54:22,524 - CSIFallDetection - INFO - 📈 모델 평가 시작...
2025-06-08 18:55:03,947 - CSIFallDetection - INFO - 🔬 상세 평가 실행 중...
2025-06-08 18:55:03,947 - CSIFallDetection - INFO - 🔄 예측 수집 중...
2025-06-08 18:55:06,600 - CSIFallDetection - INFO -    진행률: 10/221 배치
2025-06-08 18:55:08,943 - CSIFallDetection - INFO -    진행률: 20/221 배치
2025-06-08 18:55:11,280 - CSIFallDetection - INFO -    진행률: 30/221 배치
2025-06-08 18:55:13,617 - CSIFallDetection - INFO -    진행률: 40/221 배치
2025-06-08 18:55:15,932 - CSIFallDetection - INFO -    진행률: 50/221 배치
2025-06-08 18:55:18,265 - CSIFallDetection - INFO -    진행률: 60/221 배치
2025-06-08 18:55:20,548 - CSIFallDetection - INFO -    진행률: 70/221 배치
2025-06-08 18:55:22,884 - CSIFallDetection - INFO -    진행률: 80/221 배치
2025-06-08 18:55:25,226 - CSIFallDetection - INFO -    진행률: 90/221 배치
2025-06-08 18:55:27,604 - CSIFallDetection - INFO -    진행률: 100/221 배치
2025-06-08 18:55:29,967 - CSIFallDetection - INFO -    진행률: 110/221 배치
2025-06-08 18:55:32,428 - CSIFallDetection - INFO -    진행률: 120/221 배치
2025-06-08 18:55:34,941 - CSIFallDetection - INFO -    진행률: 130/221 배치
2025-06-08 18:55:37,348 - CSIFallDetection - INFO -    진행률: 140/221 배치
2025-06-08 18:55:39,788 - CSIFallDetection - INFO -    진행률: 150/221 배치
2025-06-08 18:55:42,316 - CSIFallDetection - INFO -    진행률: 160/221 배치
2025-06-08 18:55:44,773 - CSIFallDetection - INFO -    진행률: 170/221 배치
2025-06-08 18:55:47,256 - CSIFallDetection - INFO -    진행률: 180/221 배치
2025-06-08 18:55:49,696 - CSIFallDetection - INFO -    진행률: 190/221 배치
2025-06-08 18:55:52,129 - CSIFallDetection - INFO -    진행률: 200/221 배치
2025-06-08 18:55:54,509 - CSIFallDetection - INFO -    진행률: 210/221 배치
2025-06-08 18:55:56,847 - CSIFallDetection - INFO -    진행률: 220/221 배치
2025-06-08 18:56:01,043 - CSIFallDetection - INFO - 📊 시각화 저장 완료
2025-06-08 18:56:01,045 - CSIFallDetection - INFO -    혼동 행렬: ./logs/hybrid_20250607_143159_best_confusion_matrix.png
2025-06-08 18:56:01,045 - CSIFallDetection - INFO -    ROC 커브: ./logs/hybrid_20250607_143159_best_roc_curve.png (AUC: 0.677)
2025-06-08 18:56:01,046 - CSIFallDetection - INFO - ✅ 평가 완료: hybrid_20250607_143159_best
2025-06-08 18:56:01,046 - CSIFallDetection - INFO - 정확도: 0.0000
2025-06-08 18:56:01,046 - CSIFallDetection - INFO - 최고 F1 점수: 0.4662
2025-06-08 18:56:01,047 - CSIFallDetection - INFO - ✅ 모든 작업이 성공적으로 완료되었습니다.
2025-06-08 18:56:01,047 - CSIFallDetection - INFO - 🏁 프로그램 종료: 20250608_185601
