2025-06-08 21:00:48,718 - CSIFallDetection - INFO - 로깅 시작 - 로그 파일: ./logs/csi_fall_detection_20250608_210048.log
2025-06-08 21:00:48,718 - CSIFallDetection - INFO - 📊 향상된 모델 평가: improved_hybrid_20250608_205322
2025-06-08 21:00:48,722 - CSIFallDetection - INFO - 로깅 시작 - 로그 파일: ./logs/csi_fall_detection_20250608_210048.log
2025-06-08 21:00:48,722 - CSIFallDetection - INFO - 📊 모델 평가기 초기화
2025-06-08 21:00:48,722 - CSIFallDetection - INFO -    모델 경로: improved_hybrid_20250608_205322_best
2025-06-08 21:00:48,722 - CSIFallDetection - INFO - 📂 모델 로딩 중...
2025-06-08 21:00:48,913 - CSIFallDetection - INFO - ✅ 모델 로딩 완료
2025-06-08 21:00:48,913 - CSIFallDetection - INFO -    실험 이름: Unknown
2025-06-08 21:00:48,913 - CSIFallDetection - INFO -    모델 타입: Unknown
2025-06-08 21:00:48,913 - CSIFallDetection - INFO -    입력 형태: Unknown
2025-06-08 21:00:48,913 - CSIFallDetection - INFO - 🔍 테스트 데이터 준비 중...
2025-06-08 21:00:48,913 - CSIFallDetection - INFO - 로깅 시작 - 로그 파일: ./logs/csi_fall_detection_20250608_210048.log
2025-06-08 21:00:48,913 - CSIFallDetection - INFO - 전처리된 파일 34개 발견
2025-06-08 21:00:48,913 - CSIFallDetection - INFO - 데이터 분할: 훈련 23개, 검증 5개, 테스트 6개
2025-06-08 21:00:49,112 - CSIFallDetection - INFO - 📊 데이터 제너레이터 초기화 완료
2025-06-08 21:00:49,112 - CSIFallDetection - INFO -    파일 수: 23
2025-06-08 21:00:49,112 - CSIFallDetection - INFO -    총 시퀀스: 1,248개
2025-06-08 21:00:49,113 - CSIFallDetection - INFO -    배치 수: 39개
2025-06-08 21:00:49,154 - CSIFallDetection - INFO - 📊 데이터 제너레이터 초기화 완료
2025-06-08 21:00:49,155 - CSIFallDetection - INFO -    파일 수: 5
2025-06-08 21:00:49,155 - CSIFallDetection - INFO -    총 시퀀스: 230개
2025-06-08 21:00:49,155 - CSIFallDetection - INFO -    배치 수: 8개
2025-06-08 21:00:49,206 - CSIFallDetection - INFO - 📊 데이터 제너레이터 초기화 완료
2025-06-08 21:00:49,206 - CSIFallDetection - INFO -    파일 수: 6
2025-06-08 21:00:49,206 - CSIFallDetection - INFO -    총 시퀀스: 336개
2025-06-08 21:00:49,206 - CSIFallDetection - INFO -    배치 수: 11개
2025-06-08 21:00:49,206 - CSIFallDetection - INFO - ✅ 테스트 데이터 준비 완료
2025-06-08 21:00:49,206 - CSIFallDetection - INFO -    테스트 시퀀스: 336개
2025-06-08 21:00:49,206 - CSIFallDetection - ERROR - ❌ 평가 실패: 모델이 로드되지 않았습니다. load_model()을 먼저 호출하세요.
