2025-06-08 13:30:47,170 - CSIFallDetection - INFO - 로깅 시작 - 로그 파일: ./logs/csi_fall_detection_20250608_133047.log
2025-06-08 13:30:47,170 - CSIFallDetection - INFO - 전처리된 파일 285개 발견
2025-06-08 13:30:47,171 - CSIFallDetection - INFO - 데이터 분할: 훈련 199개, 검증 42개, 테스트 44개
2025-06-08 13:30:48,973 - CSIFallDetection - INFO - 📊 데이터 제너레이터 초기화 완료
2025-06-08 13:30:48,973 - CSIFallDetection - INFO -    파일 수: 199
2025-06-08 13:30:48,973 - CSIFallDetection - INFO -    총 시퀀스: 12,484개
2025-06-08 13:30:48,973 - CSIFallDetection - INFO -    배치 수: 391개
2025-06-08 13:30:49,368 - CSIFallDetection - INFO - 📊 데이터 제너레이터 초기화 완료
2025-06-08 13:30:49,368 - CSIFallDetection - INFO -    파일 수: 42
2025-06-08 13:30:49,368 - CSIFallDetection - INFO -    총 시퀀스: 2,682개
2025-06-08 13:30:49,368 - CSIFallDetection - INFO -    배치 수: 84개
2025-06-08 13:30:49,785 - CSIFallDetection - INFO - 📊 데이터 제너레이터 초기화 완료
2025-06-08 13:30:49,786 - CSIFallDetection - INFO -    파일 수: 44
2025-06-08 13:30:49,786 - CSIFallDetection - INFO -    총 시퀀스: 2,714개
2025-06-08 13:30:49,786 - CSIFallDetection - INFO -    배치 수: 85개
2025-06-08 13:30:49,786 - CSIFallDetection - INFO - ✅ 테스트 데이터 준비 완료
2025-06-08 13:30:49,786 - CSIFallDetection - INFO -    테스트 시퀀스: 2,714개
2025-06-08 13:30:49,786 - CSIFallDetection - INFO - 📈 모델 평가 시작...
2025-06-08 13:31:04,830 - CSIFallDetection - INFO - 🔬 상세 평가 실행 중...
2025-06-08 13:31:04,830 - CSIFallDetection - INFO - 🔄 예측 수집 중...
2025-06-08 13:31:07,210 - CSIFallDetection - INFO -    진행률: 10/85 배치
2025-06-08 13:31:09,340 - CSIFallDetection - INFO -    진행률: 20/85 배치
2025-06-08 13:31:11,448 - CSIFallDetection - INFO -    진행률: 30/85 배치
2025-06-08 13:31:13,386 - CSIFallDetection - INFO -    진행률: 40/85 배치
2025-06-08 13:31:15,552 - CSIFallDetection - INFO -    진행률: 50/85 배치
2025-06-08 13:31:17,618 - CSIFallDetection - INFO -    진행률: 60/85 배치
2025-06-08 13:31:19,864 - CSIFallDetection - INFO -    진행률: 70/85 배치
2025-06-08 13:31:21,979 - CSIFallDetection - INFO -    진행률: 80/85 배치
2025-06-08 13:31:23,402 - CSIFallDetection - ERROR - 모델 평가 실패: 'NoneType' object has no attribute 'shape'
2025-06-08 13:31:23,402 - CSIFallDetection - ERROR - ❌ 일부 작업이 실패했습니다.
2025-06-08 13:31:23,402 - CSIFallDetection - INFO - 🏁 프로그램 종료: 20250608_133123
