2025-06-08 19:00:31,426 - CSIFallDetection - INFO - 로깅 시작 - 로그 파일: ./logs/csi_fall_detection_20250608_190031.log
2025-06-08 19:00:31,426 - CSIFallDetection - INFO - 🎯 임계값 최적화 시작
2025-06-08 19:00:31,426 - CSIFallDetection - INFO - 로깅 시작 - 로그 파일: ./logs/csi_fall_detection_20250608_190031.log
2025-06-08 19:00:31,426 - CSIFallDetection - INFO - 📊 모델 평가기 초기화
2025-06-08 19:00:31,426 - CSIFallDetection - INFO -    모델 경로: hybrid_20250607_143159_best
2025-06-08 19:00:31,426 - CSIFallDetection - INFO - 📂 모델 로딩 중...
2025-06-08 19:00:31,584 - CSIFallDetection - INFO - ✅ 모델 로딩 완료
2025-06-08 19:00:31,584 - CSIFallDetection - INFO -    실험 이름: hybrid_20250607_143159_best
2025-06-08 19:00:31,584 - CSIFallDetection - INFO -    모델 타입: hybrid
2025-06-08 19:00:31,584 - CSIFallDetection - INFO -    입력 형태: [50, 245]
2025-06-08 19:00:31,584 - CSIFallDetection - INFO - 🔍 테스트 데이터 준비 중...
2025-06-08 19:00:31,585 - CSIFallDetection - INFO - 로깅 시작 - 로그 파일: ./logs/csi_fall_detection_20250608_190031.log
2025-06-08 19:00:31,585 - CSIFallDetection - INFO - 전처리된 파일 634개 발견
2025-06-08 19:00:31,586 - CSIFallDetection - INFO - 데이터 분할: 훈련 443개, 검증 95개, 테스트 96개
2025-06-08 19:00:36,773 - CSIFallDetection - INFO - 📊 데이터 제너레이터 초기화 완료
2025-06-08 19:00:36,773 - CSIFallDetection - INFO -    파일 수: 443
2025-06-08 19:00:36,773 - CSIFallDetection - INFO -    총 시퀀스: 32,198개
2025-06-08 19:00:36,773 - CSIFallDetection - INFO -    배치 수: 1007개
2025-06-08 19:00:37,195 - CSIFallDetection - WARNING - 파일 크기 부족으로 스킵: ./processed_data/23_labeled_jitter_1_processed.csv (0 < 50)
2025-06-08 19:00:37,963 - CSIFallDetection - INFO - 📊 데이터 제너레이터 초기화 완료
2025-06-08 19:00:37,963 - CSIFallDetection - INFO -    파일 수: 95
2025-06-08 19:00:37,963 - CSIFallDetection - INFO -    총 시퀀스: 6,754개
2025-06-08 19:00:37,963 - CSIFallDetection - INFO -    배치 수: 212개
2025-06-08 19:00:39,146 - CSIFallDetection - INFO - 📊 데이터 제너레이터 초기화 완료
2025-06-08 19:00:39,146 - CSIFallDetection - INFO -    파일 수: 96
2025-06-08 19:00:39,146 - CSIFallDetection - INFO -    총 시퀀스: 7,056개
2025-06-08 19:00:39,146 - CSIFallDetection - INFO -    배치 수: 221개
2025-06-08 19:00:39,147 - CSIFallDetection - INFO - ✅ 테스트 데이터 준비 완료
2025-06-08 19:00:39,147 - CSIFallDetection - INFO -    테스트 시퀀스: 7,056개
2025-06-08 19:00:39,147 - CSIFallDetection - INFO - 📈 모델 평가 시작...
2025-06-08 19:01:28,101 - CSIFallDetection - INFO - 🔬 상세 평가 실행 중...
2025-06-08 19:01:28,101 - CSIFallDetection - INFO - 🔄 예측 수집 중...
2025-06-08 19:01:30,950 - CSIFallDetection - INFO -    진행률: 10/221 배치
2025-06-08 19:01:33,360 - CSIFallDetection - INFO -    진행률: 20/221 배치
2025-06-08 19:01:35,804 - CSIFallDetection - INFO -    진행률: 30/221 배치
2025-06-08 19:01:38,290 - CSIFallDetection - INFO -    진행률: 40/221 배치
2025-06-08 19:01:40,748 - CSIFallDetection - INFO -    진행률: 50/221 배치
2025-06-08 19:01:43,356 - CSIFallDetection - INFO -    진행률: 60/221 배치
2025-06-08 19:01:46,231 - CSIFallDetection - INFO -    진행률: 70/221 배치
2025-06-08 19:01:49,026 - CSIFallDetection - INFO -    진행률: 80/221 배치
2025-06-08 19:01:51,766 - CSIFallDetection - INFO -    진행률: 90/221 배치
2025-06-08 19:01:54,532 - CSIFallDetection - INFO -    진행률: 100/221 배치
2025-06-08 19:01:57,217 - CSIFallDetection - INFO -    진행률: 110/221 배치
2025-06-08 19:01:59,936 - CSIFallDetection - INFO -    진행률: 120/221 배치
2025-06-08 19:02:02,673 - CSIFallDetection - INFO -    진행률: 130/221 배치
2025-06-08 19:02:05,144 - CSIFallDetection - INFO -    진행률: 140/221 배치
2025-06-08 19:02:07,548 - CSIFallDetection - INFO -    진행률: 150/221 배치
2025-06-08 19:02:09,935 - CSIFallDetection - INFO -    진행률: 160/221 배치
2025-06-08 19:02:12,284 - CSIFallDetection - INFO -    진행률: 170/221 배치
2025-06-08 19:02:14,635 - CSIFallDetection - INFO -    진행률: 180/221 배치
2025-06-08 19:02:17,094 - CSIFallDetection - INFO -    진행률: 190/221 배치
2025-06-08 19:02:19,456 - CSIFallDetection - INFO -    진행률: 200/221 배치
2025-06-08 19:02:21,723 - CSIFallDetection - INFO -    진행률: 210/221 배치
2025-06-08 19:02:24,039 - CSIFallDetection - INFO -    진행률: 220/221 배치
2025-06-08 19:02:33,764 - CSIFallDetection - INFO - 📊 시각화 저장 완료
2025-06-08 19:02:33,764 - CSIFallDetection - INFO -    혼동 행렬: ./logs/hybrid_20250607_143159_best_confusion_matrix.png
2025-06-08 19:02:33,764 - CSIFallDetection - INFO -    ROC 커브: ./logs/hybrid_20250607_143159_best_roc_curve.png (AUC: 0.677)
2025-06-08 19:02:33,766 - CSIFallDetection - INFO - 데이터 크기: 7056개
2025-06-08 19:02:33,766 - CSIFallDetection - INFO - 낙상 비율: 0.255
2025-06-08 19:02:33,779 - CSIFallDetection - INFO - 임계값 0.10: F1=0.434, Acc=0.415, Prec=0.288, Rec=0.880
2025-06-08 19:02:33,788 - CSIFallDetection - INFO - 임계값 0.15: F1=0.458, Acc=0.494, Prec=0.315, Rec=0.838
2025-06-08 19:02:33,795 - CSIFallDetection - INFO - 임계값 0.20: F1=0.465, Acc=0.548, Prec=0.333, Rec=0.769
2025-06-08 19:02:33,801 - CSIFallDetection - INFO - 임계값 0.25: F1=0.464, Acc=0.576, Prec=0.342, Rec=0.719
2025-06-08 19:02:33,807 - CSIFallDetection - INFO - 임계값 0.30: F1=0.466, Acc=0.599, Prec=0.353, Rec=0.687
2025-06-08 19:02:33,812 - CSIFallDetection - INFO - 임계값 0.35: F1=0.470, Acc=0.624, Prec=0.367, Rec=0.655
2025-06-08 19:02:33,817 - CSIFallDetection - INFO - 임계값 0.40: F1=0.464, Acc=0.638, Prec=0.372, Rec=0.614
2025-06-08 19:02:33,822 - CSIFallDetection - INFO - 임계값 0.45: F1=0.461, Acc=0.651, Prec=0.380, Rec=0.586
2025-06-08 19:02:33,826 - CSIFallDetection - INFO - 임계값 0.50: F1=0.463, Acc=0.666, Prec=0.392, Rec=0.565
2025-06-08 19:02:33,830 - CSIFallDetection - INFO - 임계값 0.55: F1=0.463, Acc=0.682, Prec=0.406, Rec=0.539
2025-06-08 19:02:33,835 - CSIFallDetection - INFO - 임계값 0.60: F1=0.457, Acc=0.695, Prec=0.418, Rec=0.504
2025-06-08 19:02:33,839 - CSIFallDetection - INFO - 임계값 0.65: F1=0.451, Acc=0.705, Prec=0.430, Rec=0.475
2025-06-08 19:02:33,843 - CSIFallDetection - INFO - 임계값 0.70: F1=0.432, Acc=0.715, Prec=0.440, Rec=0.425
2025-06-08 19:02:33,847 - CSIFallDetection - INFO - 임계값 0.75: F1=0.420, Acc=0.727, Prec=0.458, Rec=0.387
2025-06-08 19:02:33,851 - CSIFallDetection - INFO - 임계값 0.80: F1=0.403, Acc=0.737, Prec=0.477, Rec=0.349
2025-06-08 19:02:33,855 - CSIFallDetection - INFO - 임계값 0.85: F1=0.385, Acc=0.745, Prec=0.500, Rec=0.313
2025-06-08 19:02:33,855 - CSIFallDetection - INFO - 🏆 최적 임계값: 0.35 (F1: 0.470)
