2025-06-04 15:56:54,947 - INFO - 🚀 CSI 학습 시스템 시작
2025-06-04 15:56:54,947 - INFO - 📋 설정: 윈도우=30, 스트라이드=5, 임계값=0.3
2025-06-04 15:56:55,025 - INFO - 📁 다중 파일 로딩 시작: ./csi_data
2025-06-04 15:56:55,025 - INFO -    발견된 CSV 파일: 5개
2025-06-04 15:56:55,025 - INFO -    로딩 중 (1/5): 11_labeled.csv
2025-06-04 15:56:55,056 - INFO -    로딩 중 (2/5): 12_labeled.csv
2025-06-04 15:56:55,071 - INFO -    로딩 중 (3/5): 13_labeled.csv
2025-06-04 15:56:55,103 - INFO -    로딩 중 (4/5): 15_labeled.csv
2025-06-04 15:56:55,134 - INFO -    로딩 중 (5/5): 16_labeled.csv
2025-06-04 15:56:55,165 - INFO - 🔄 데이터 결합 중...
2025-06-04 15:56:55,165 - INFO - ✅ 로딩 완료!
2025-06-04 15:56:55,165 - INFO -    성공: 5개, 실패: 0개
2025-06-04 15:56:55,165 - INFO -    총 샘플: 2,500개
2025-06-04 15:56:55,165 - INFO -    총 특징: 256개
2025-06-04 15:56:55,165 - INFO -    라벨 분포: 정상 689개, 낙상 1,811개
2025-06-04 15:56:55,165 - INFO -    불균형 비율: 0.4:1
2025-06-04 15:56:55,165 - INFO - 🎯 특징 선택 시작...
2025-06-04 15:56:55,165 - INFO -    원본 특징 수: 256
2025-06-04 15:56:55,165 - INFO -    1️⃣ 저분산 특징 제거...
2025-06-04 15:56:55,181 - INFO -       제거된 특징: 14개
2025-06-04 15:56:55,181 - INFO -       남은 특징: 242개
2025-06-04 15:56:55,181 - INFO -    2️⃣ 상위 32개 특징 선택...
2025-06-04 15:56:55,181 - INFO -       최종 선택: 32개
2025-06-04 15:56:55,181 - INFO - ✅ 특징 선택 완료: 256 → 32개
2025-06-04 15:56:55,181 - INFO - ⏰ 시퀀스 생성 시작...
2025-06-04 15:56:55,181 - INFO -    설정: 윈도우=30, 스트라이드=5
2025-06-04 15:56:55,181 - INFO -    생성 가능한 시퀀스: 최대 495개
2025-06-04 15:56:55,196 - INFO - ✅ 시퀀스 생성 완료: 495개
2025-06-04 15:56:55,196 - INFO -    정상: 110개 (22.2%)
2025-06-04 15:56:55,196 - INFO -    낙상: 385개 (77.8%)
2025-06-04 15:56:55,196 - INFO - 🔧 데이터 전처리...
2025-06-04 15:56:55,212 - INFO -    ✅ 정규화 완료
2025-06-04 15:56:55,212 - INFO -    데이터 범위: [-2.404, 4.056]
2025-06-04 15:56:55,212 - INFO - 🏗️ 모델 구축...
2025-06-04 15:56:55,212 - INFO -    입력 형태: (30, 32)
2025-06-04 15:56:55,212 - INFO -    🏛️ 표준 LSTM 모델
2025-06-04 15:56:55,915 - INFO - ✅ 모델 구축 완료
2025-06-04 15:56:55,915 - INFO -    파라미터 수: 37,857개
2025-06-04 15:56:55,915 - INFO - 🚀 모델 학습 시작...
2025-06-04 15:56:55,915 - INFO -    클래스 가중치: {0: 2.357142857142857, 1: 0.6346153846153846}
2025-06-04 15:56:55,915 - INFO -    훈련 데이터: (396, 30, 32)
2025-06-04 15:56:55,915 - INFO -    에포크: 5, 배치: 16
2025-06-04 15:57:02,900 - INFO - ✅ 학습 완료!
2025-06-04 15:57:02,900 - INFO - 📊 모델 평가...
2025-06-04 15:57:03,801 - INFO -    loss: 0.4414
2025-06-04 15:57:03,801 - INFO -    accuracy: 0.9091 (90.9%)
2025-06-04 15:57:03,801 - INFO -    precision: 0.9571 (95.7%)
2025-06-04 15:57:03,801 - INFO -    recall: 0.9178 (91.8%)
2025-06-04 15:57:03,801 - INFO - 💾 모델 저장: multi_test_model_155703.h5
2025-06-04 15:57:03,991 - INFO -    📦 모델 저장: multi_test_model_155703.keras (Keras 네이티브 형식)
2025-06-04 15:57:03,994 - INFO - ✅ 저장 완료
2025-06-04 15:57:03,994 - INFO -    📄 model: multi_test_model_155703.keras (496.5 KB)
2025-06-04 15:57:03,994 - INFO -    📄 scaler: multi_test_model_155703_scaler.pkl (0.9 KB)
2025-06-04 15:57:03,994 - INFO -    📄 metadata: multi_test_model_155703_metadata.json (0.4 KB)
2025-06-04 15:57:03,994 - INFO -    📄 selector: multi_test_model_155703_selector.pkl (6.7 KB)
