2025-06-05 23:27:05,886 - INFO - 🚀 CSI 학습 시스템 시작
2025-06-05 23:27:05,886 - INFO - 📋 설정: 윈도우=30, 스트라이드=5, 임계값=0.3
2025-06-05 23:27:05,915 - INFO - 📁 다중 파일 로딩 시작: ../csi_data
2025-06-05 23:27:05,915 - INFO -    발견된 CSV 파일: 5개
2025-06-05 23:27:05,916 - INFO -    로딩 중 (1/5): 97.csv
2025-06-05 23:27:05,935 - INFO -    로딩 중 (2/5): 83.csv
2025-06-05 23:27:05,955 - INFO -    로딩 중 (3/5): 68.csv
2025-06-05 23:27:05,975 - INFO -    로딩 중 (4/5): 6.csv
2025-06-05 23:27:05,994 - INFO -    로딩 중 (5/5): 54.csv
2025-06-05 23:27:06,017 - INFO - 🔄 데이터 결합 중...
2025-06-05 23:27:06,019 - INFO - ✅ 로딩 완료!
2025-06-05 23:27:06,019 - INFO -    성공: 5개, 실패: 0개
2025-06-05 23:27:06,019 - INFO -    총 샘플: 4,000개
2025-06-05 23:27:06,019 - INFO -    총 특징: 256개
2025-06-05 23:27:06,019 - INFO -    라벨 분포: 정상 4,000개, 낙상 0개
2025-06-05 23:27:06,019 - INFO -    불균형 비율: 4000.0:1
2025-06-05 23:27:06,019 - INFO - 🎯 특징 선택 시작...
2025-06-05 23:27:06,019 - INFO -    원본 특징 수: 256
2025-06-05 23:27:06,019 - INFO -    1️⃣ 저분산 특징 제거...
2025-06-05 23:27:06,023 - INFO -       제거된 특징: 14개
2025-06-05 23:27:06,023 - INFO -       남은 특징: 242개
2025-06-05 23:27:06,023 - INFO -    2️⃣ 상위 32개 특징 선택...
2025-06-05 23:27:06,031 - INFO -       최종 선택: 32개
2025-06-05 23:27:06,031 - INFO - ✅ 특징 선택 완료: 256 → 32개
2025-06-05 23:27:06,032 - INFO - ⏰ 시퀀스 생성 시작...
2025-06-05 23:27:06,032 - INFO -    설정: 윈도우=30, 스트라이드=5
2025-06-05 23:27:06,032 - INFO -    생성 가능한 시퀀스: 최대 795개
2025-06-05 23:27:06,035 - INFO - ✅ 시퀀스 생성 완료: 795개
2025-06-05 23:27:06,035 - INFO -    정상: 795개 (100.0%)
2025-06-05 23:27:06,035 - INFO - 🔧 데이터 전처리...
2025-06-05 23:27:06,058 - INFO -    ✅ 정규화 완료
2025-06-05 23:27:06,058 - INFO -    데이터 범위: [-1.782, 4.863]
2025-06-05 23:27:06,060 - INFO - 🏗️ 모델 구축...
2025-06-05 23:27:06,060 - INFO -    입력 형태: (30, 32)
2025-06-05 23:27:06,060 - INFO -    🏛️ 표준 LSTM 모델
2025-06-05 23:27:06,280 - INFO - ✅ 모델 구축 완료
2025-06-05 23:27:06,280 - INFO -    파라미터 수: 37,857개
2025-06-05 23:27:06,280 - INFO - 🚀 모델 학습 시작...
2025-06-05 23:27:06,282 - INFO -    클래스 가중치: {0: 1.0}
2025-06-05 23:27:06,282 - INFO -    훈련 데이터: (636, 30, 32)
2025-06-05 23:27:06,282 - INFO -    에포크: 5, 배치: 16
