2025-06-07 00:15:57,350 - INFO - 🔍 CSI 데이터 분석 시작
2025-06-07 00:15:57,350 - INFO - 📥 모델 시스템 로딩: best_csi_cnn_lstm_hybrid_20250606_120330_complete.keras
2025-06-07 00:15:57,452 - INFO -    ✅ 모델 로드 완료
2025-06-07 00:15:57,452 - INFO - 📊 타임라인 분석: 35.csv
2025-06-07 00:15:57,472 - INFO -    📄 데이터 크기: (800, 258)
2025-06-07 00:15:57,472 - INFO -    🔍 타임스탬프 처리...
2025-06-07 00:15:57,473 - INFO -    ✅ 타임스탬프 파싱 성공
2025-06-07 00:15:57,473 - INFO -    ⏰ 측정 시간: 2.8초
2025-06-07 00:15:57,474 - INFO -    📈 특성 컬럼: 256개
2025-06-07 00:15:57,474 - INFO -    🔧 전처리 완료: (800, 245)
2025-06-07 00:15:57,475 - INFO -    🔄 생성된 시퀀스: 53개
2025-06-07 00:15:57,475 - INFO -    🔮 예측 수행 중...
2025-06-07 00:15:57,724 - WARNING -    ⚠️ 모델 과신 감지: 100.0%가 95% 이상
2025-06-07 00:15:57,725 - INFO -    🌡️ 온도 스케일링 적용 (T=5)
2025-06-07 00:15:57,725 - INFO -    📊 보정 결과: 99% 이상 100.0% → 0.0%
2025-06-07 00:15:57,725 - INFO -    📊 평균 확률: 0.998 → 0.776
2025-06-07 00:15:57,725 - INFO -    📊 예측 완료 - 확률 범위: 0.768 ~ 0.780
2025-06-07 00:15:57,725 - INFO - 🔍 낙상 이벤트 구간 분석...
2025-06-07 00:15:57,725 - INFO -    📊 감지된 낙상 이벤트: 1개
2025-06-07 00:16:08,841 - INFO - ✅ 분석 완료! 감지된 이벤트: 1개
