2025-06-07 00:05:20,018 - INFO - 🔍 CSI 데이터 분석 시작
2025-06-07 00:05:20,018 - INFO - 📥 모델 시스템 로딩: best_csi_cnn_lstm_hybrid_20250606_120330_complete.keras
2025-06-07 00:05:20,148 - INFO -    ✅ 모델 로드 완료
2025-06-07 00:05:20,149 - INFO - 📊 타임라인 분석: 2.csv
2025-06-07 00:05:20,160 - INFO -    📄 데이터 크기: (500, 258)
2025-06-07 00:05:20,160 - INFO -    🔍 타임스탬프 처리...
2025-06-07 00:05:20,165 - INFO -    ✅ 타임스탬프 파싱 성공
2025-06-07 00:05:20,166 - INFO -    ⏰ 측정 시간: 2.9초
2025-06-07 00:05:20,167 - INFO -    📈 특성 컬럼: 256개
2025-06-07 00:05:20,169 - INFO -    🔧 전처리 완료: (500, 245)
2025-06-07 00:05:20,169 - INFO -    🔄 생성된 시퀀스: 31개
2025-06-07 00:05:20,169 - INFO -    🔮 예측 수행 중...
2025-06-07 00:05:20,346 - WARNING -    ⚠️ 모델 과신 감지: 54.8%가 99% 이상
2025-06-07 00:05:20,346 - INFO -    🌡️ 온도 스케일링 적용 (T=3.0)
2025-06-07 00:05:20,346 - INFO -    📊 보정 결과: 99% 이상 54.8% → 0.0%
2025-06-07 00:05:20,346 - INFO -    📊 평균 확률: 0.978 → 0.808
2025-06-07 00:05:20,346 - INFO -    📊 예측 완료 - 확률 범위: 0.690 ~ 0.880
2025-06-07 00:05:20,346 - INFO - 🔍 낙상 이벤트 구간 분석...
2025-06-07 00:05:20,346 - INFO -    📊 감지된 낙상 이벤트: 1개
2025-06-07 00:05:28,562 - INFO - ✅ 분석 완료! 감지된 이벤트: 1개
