2025-06-07 00:05:58,288 - INFO - 🔍 CSI 데이터 분석 시작
2025-06-07 00:05:58,289 - INFO - 📥 모델 시스템 로딩: best_csi_cnn_lstm_hybrid_20250606_120330_complete.keras
2025-06-07 00:05:58,391 - INFO -    ✅ 모델 로드 완료
2025-06-07 00:05:58,391 - INFO - 📊 타임라인 분석: 40_labeled.csv
2025-06-07 00:05:58,410 - INFO -    📄 데이터 크기: (800, 258)
2025-06-07 00:05:58,410 - INFO -    🔍 타임스탬프 처리...
2025-06-07 00:05:58,412 - INFO -    ✅ 타임스탬프 파싱 성공
2025-06-07 00:05:58,412 - INFO -    ⏰ 측정 시간: 3.1초
2025-06-07 00:05:58,412 - INFO -    📈 특성 컬럼: 256개
2025-06-07 00:05:58,413 - INFO -    🔧 전처리 완료: (800, 245)
2025-06-07 00:05:58,414 - INFO -    🔄 생성된 시퀀스: 53개
2025-06-07 00:05:58,414 - INFO -    🔮 예측 수행 중...
2025-06-07 00:05:58,671 - WARNING -    ⚠️ 모델 과신 감지: 83.0%가 99% 이상
2025-06-07 00:05:58,671 - INFO -    🌡️ 온도 스케일링 적용 (T=3.0)
2025-06-07 00:05:58,671 - INFO -    📊 보정 결과: 99% 이상 83.0% → 0.0%
2025-06-07 00:05:58,671 - INFO -    📊 평균 확률: 0.958 → 0.836
2025-06-07 00:05:58,671 - INFO -    📊 예측 완료 - 확률 범위: 0.479 ~ 0.886
2025-06-07 00:05:58,671 - INFO - 🔍 낙상 이벤트 구간 분석...
2025-06-07 00:05:58,671 - INFO -    ✅ 낙상 이벤트가 감지되지 않았습니다.
2025-06-07 00:06:12,546 - INFO - ✅ 분석 완료! 감지된 이벤트: 0개
