2025-06-07 00:12:27,720 - INFO - 🔍 CSI 데이터 분석 시작
2025-06-07 00:12:27,721 - INFO - 📥 모델 시스템 로딩: best_csi_cnn_lstm_hybrid_20250606_120330_complete.keras
2025-06-07 00:12:27,824 - INFO -    ✅ 모델 로드 완료
2025-06-07 00:12:27,824 - INFO - 📊 타임라인 분석: 13_labeled.csv
2025-06-07 00:12:27,833 - INFO -    📄 데이터 크기: (500, 258)
2025-06-07 00:12:27,833 - INFO -    🔍 타임스탬프 처리...
2025-06-07 00:12:27,835 - INFO -    ✅ 타임스탬프 파싱 성공
2025-06-07 00:12:27,836 - INFO -    ⏰ 측정 시간: 2.4초
2025-06-07 00:12:27,836 - INFO -    📈 특성 컬럼: 256개
2025-06-07 00:12:27,837 - INFO -    🔧 전처리 완료: (500, 245)
2025-06-07 00:12:27,837 - INFO -    🔄 생성된 시퀀스: 31개
2025-06-07 00:12:27,837 - INFO -    🔮 예측 수행 중...
2025-06-07 00:12:27,976 - WARNING -    ⚠️ 모델 과신 감지: 100.0%가 99% 이상
2025-06-07 00:12:27,976 - INFO -    🌡️ 온도 스케일링 적용 (T=10)
2025-06-07 00:12:27,976 - INFO -    📊 보정 결과: 99% 이상 100.0% → 0.0%
2025-06-07 00:12:27,976 - INFO -    📊 평균 확률: 0.992 → 0.627
2025-06-07 00:12:27,976 - INFO -    📊 예측 완료 - 확률 범위: 0.574 ~ 0.649
2025-06-07 00:12:27,976 - INFO - 🔍 낙상 이벤트 구간 분석...
2025-06-07 00:12:27,976 - INFO -    📊 감지된 낙상 이벤트: 1개
2025-06-07 00:12:32,390 - INFO - ✅ 분석 완료! 감지된 이벤트: 1개
