2025-06-07 00:12:12,093 - INFO - 🔍 CSI 데이터 분석 시작
2025-06-07 00:12:12,094 - INFO - 📥 모델 시스템 로딩: best_csi_cnn_lstm_hybrid_20250606_120330_complete.keras
2025-06-07 00:12:12,230 - INFO -    ✅ 모델 로드 완료
2025-06-07 00:12:12,231 - INFO - 📊 타임라인 분석: 12_labeled.csv
2025-06-07 00:12:12,242 - INFO -    📄 데이터 크기: (500, 258)
2025-06-07 00:12:12,242 - INFO -    🔍 타임스탬프 처리...
2025-06-07 00:12:12,244 - INFO -    ✅ 타임스탬프 파싱 성공
2025-06-07 00:12:12,244 - INFO -    ⏰ 측정 시간: 1.8초
2025-06-07 00:12:12,245 - INFO -    📈 특성 컬럼: 256개
2025-06-07 00:12:12,245 - INFO -    🔧 전처리 완료: (500, 245)
2025-06-07 00:12:12,246 - INFO -    🔄 생성된 시퀀스: 31개
2025-06-07 00:12:12,246 - INFO -    🔮 예측 수행 중...
2025-06-07 00:12:12,386 - WARNING -    ⚠️ 모델 과신 감지: 51.6%가 99% 이상
2025-06-07 00:12:12,386 - INFO -    🌡️ 온도 스케일링 적용 (T=10)
2025-06-07 00:12:12,386 - INFO -    📊 보정 결과: 99% 이상 51.6% → 0.0%
2025-06-07 00:12:12,386 - INFO -    📊 평균 확률: 0.700 → 0.543
2025-06-07 00:12:12,386 - INFO -    📊 예측 완료 - 확률 범위: 0.470 ~ 0.647
2025-06-07 00:12:12,386 - INFO - 🔍 낙상 이벤트 구간 분석...
2025-06-07 00:12:12,386 - INFO -    📊 감지된 낙상 이벤트: 1개
2025-06-07 00:12:19,500 - INFO - ✅ 분석 완료! 감지된 이벤트: 1개
