2025-06-07 00:08:23,555 - INFO - 🔍 CSI 데이터 분석 시작
2025-06-07 00:08:23,556 - INFO - 📥 모델 시스템 로딩: best_csi_cnn_lstm_hybrid_20250606_120330_complete.keras
2025-06-07 00:08:23,684 - INFO -    ✅ 모델 로드 완료
2025-06-07 00:08:23,684 - INFO - 📊 타임라인 분석: 4.csv
2025-06-07 00:08:23,705 - INFO -    📄 데이터 크기: (800, 258)
2025-06-07 00:08:23,705 - INFO -    🔍 타임스탬프 처리...
2025-06-07 00:08:23,708 - INFO -    ✅ 타임스탬프 파싱 성공
2025-06-07 00:08:23,711 - INFO -    ⏰ 측정 시간: 4.2초
2025-06-07 00:08:23,712 - INFO -    📈 특성 컬럼: 256개
2025-06-07 00:08:23,714 - INFO -    🔧 전처리 완료: (800, 245)
2025-06-07 00:08:23,714 - INFO -    🔄 생성된 시퀀스: 53개
2025-06-07 00:08:23,714 - INFO -    🔮 예측 수행 중...
2025-06-07 00:08:24,007 - WARNING -    ⚠️ 모델 과신 감지: 100.0%가 99% 이상
2025-06-07 00:08:24,007 - INFO -    🌡️ 온도 스케일링 적용 (T=3.0)
2025-06-07 00:08:24,007 - INFO -    📊 보정 결과: 99% 이상 100.0% → 0.0%
2025-06-07 00:08:24,007 - INFO -    📊 평균 확률: 0.998 → 0.887
2025-06-07 00:08:24,007 - INFO -    📊 예측 완료 - 확률 범위: 0.880 ~ 0.890
2025-06-07 00:08:24,007 - INFO - 🔍 낙상 이벤트 구간 분석...
2025-06-07 00:08:24,007 - INFO -    📊 감지된 낙상 이벤트: 1개
2025-06-07 00:08:28,411 - INFO - ✅ 분석 완료! 감지된 이벤트: 1개
